TN:
SF:src/index.js
FNF:0
FNH:0
DA:1,1
DA:2,1
DA:3,1
DA:4,1
DA:5,1
DA:6,1
DA:7,1
DA:8,1
DA:9,1
DA:10,1
LF:10
LH:10
BRDA:4,0,0,1
BRF:1
BRH:1
end_of_record
TN:
SF:src/person.js
FN:3,validate
FN:8,format
FN:17,save
FN:25,process
FNF:4
FNH:4
FNDA:4,validate
FNDA:2,format
FNDA:2,save
FNDA:4,process
DA:1,1
DA:2,1
DA:3,1
DA:4,4
DA:5,4
DA:6,4
DA:7,1
DA:8,1
DA:9,2
DA:10,2
DA:11,2
DA:12,2
DA:13,2
DA:14,2
DA:15,2
DA:16,1
DA:17,1
DA:18,2
DA:19,1
DA:20,1
DA:21,1
DA:22,1
DA:23,1
DA:24,1
DA:25,1
DA:26,4
DA:27,4
DA:28,4
DA:29,4
DA:30,4
DA:31,4
DA:32,1
DA:33,1
DA:34,1
DA:35,1
DA:36,1
DA:37,1
DA:38,1
DA:39,1
LF:39
LH:39
BRDA:3,0,0,4
BRDA:4,1,0,1
BRDA:4,2,0,3
BRDA:5,3,0,1
BRDA:8,4,0,2
BRDA:17,5,0,2
BRDA:18,6,0,1
BRDA:18,7,0,6
BRDA:25,8,0,4
BRF:9
BRH:9
end_of_record
TN:
SF:src/server.js
FNF:0
FNH:0
DA:1,1
DA:2,1
DA:3,1
DA:4,1
DA:5,1
DA:6,4
DA:7,1
DA:8,1
DA:9,1
DA:10,1
DA:11,3
DA:12,3
DA:13,3
DA:14,3
DA:15,3
DA:16,3
DA:17,3
DA:18,2
DA:19,2
DA:20,2
DA:21,2
DA:22,2
DA:23,2
DA:24,2
DA:25,2
DA:26,3
DA:27,1
DA:28,1
DA:29,1
DA:30,1
DA:31,1
DA:32,1
DA:33,1
DA:34,1
DA:35,1
DA:36,1
DA:37,1
DA:38,1
DA:39,1
DA:40,1
DA:41,1
DA:42,1
DA:43,1
DA:44,1
LF:44
LH:44
BRDA:5,0,0,4
BRDA:6,1,0,1
BRDA:10,2,0,3
BRDA:17,3,0,2
BRDA:26,4,0,1
BRF:5
BRH:5
end_of_record
